mode: set
github.com/StephanSchmidt/erro/internal/analyze_source.go:9.74,11.57 2 1
github.com/StephanSchmidt/erro/internal/analyze_source.go:11.57,13.29 2 1
github.com/StephanSchmidt/erro/internal/analyze_source.go:13.29,14.16 1 1
github.com/StephanSchmidt/erro/internal/analyze_source.go:15.13,16.32 1 1
github.com/StephanSchmidt/erro/internal/analyze_source.go:17.13,18.24 1 1
github.com/StephanSchmidt/erro/internal/analyze_source.go:18.24,21.6 1 0
github.com/StephanSchmidt/erro/internal/analyze_source.go:22.5,22.33 1 1
github.com/StephanSchmidt/erro/internal/analyze_source.go:25.3,25.22 1 1
github.com/StephanSchmidt/erro/internal/analyze_source.go:25.22,28.4 1 1
github.com/StephanSchmidt/erro/internal/analyze_source.go:32.2,32.11 1 0
github.com/StephanSchmidt/erro/internal/analyze_source.go:35.51,39.16 4 1
github.com/StephanSchmidt/erro/internal/analyze_source.go:39.16,41.3 1 0
github.com/StephanSchmidt/erro/internal/analyze_source.go:42.2,43.42 2 1
github.com/StephanSchmidt/erro/internal/analyze_source.go:43.42,44.19 1 1
github.com/StephanSchmidt/erro/internal/analyze_source.go:45.22,47.45 2 1
github.com/StephanSchmidt/erro/internal/analyze_source.go:47.45,48.35 1 1
github.com/StephanSchmidt/erro/internal/analyze_source.go:48.35,49.27 1 1
github.com/StephanSchmidt/erro/internal/analyze_source.go:49.27,52.7 2 1
github.com/StephanSchmidt/erro/internal/analyze_source.go:55.24,56.48 1 1
github.com/StephanSchmidt/erro/internal/analyze_source.go:56.48,58.12 2 1
github.com/StephanSchmidt/erro/internal/analyze_source.go:58.12,59.14 1 0
github.com/StephanSchmidt/erro/internal/analyze_source.go:61.5,61.30 1 1
github.com/StephanSchmidt/erro/internal/analyze_source.go:61.30,64.6 2 1
github.com/StephanSchmidt/erro/internal/analyze_source.go:67.3,67.14 1 1
github.com/StephanSchmidt/erro/internal/analyze_source.go:69.2,69.17 1 1
github.com/StephanSchmidt/erro/internal/files.go:17.43,19.16 2 0
github.com/StephanSchmidt/erro/internal/files.go:19.16,20.19 1 0
github.com/StephanSchmidt/erro/internal/files.go:20.19,22.4 1 0
github.com/StephanSchmidt/erro/internal/files.go:23.3,23.13 1 0
github.com/StephanSchmidt/erro/internal/files.go:25.2,26.14 2 0
github.com/StephanSchmidt/erro/internal/files.go:29.64,31.18 2 1
github.com/StephanSchmidt/erro/internal/files.go:31.18,33.3 1 1
github.com/StephanSchmidt/erro/internal/files.go:34.2,34.22 1 1
github.com/StephanSchmidt/erro/internal/files.go:37.47,39.2 1 1
github.com/StephanSchmidt/erro/internal/funcs.go:6.55,7.35 1 1
github.com/StephanSchmidt/erro/internal/funcs.go:7.35,8.26 1 1
github.com/StephanSchmidt/erro/internal/funcs.go:8.26,10.4 1 1
github.com/StephanSchmidt/erro/internal/funcs.go:12.2,12.11 1 1
github.com/StephanSchmidt/erro/internal/funcs.go:15.51,19.22 4 1
github.com/StephanSchmidt/erro/internal/funcs.go:19.22,20.12 1 1
github.com/StephanSchmidt/erro/internal/funcs.go:21.12,22.28 1 1
github.com/StephanSchmidt/erro/internal/funcs.go:23.12,24.52 1 1
github.com/StephanSchmidt/erro/internal/funcs.go:24.52,26.5 1 1
github.com/StephanSchmidt/erro/internal/funcs.go:26.10,27.37 1 0
github.com/StephanSchmidt/erro/internal/funcs.go:29.12,30.23 1 1
github.com/StephanSchmidt/erro/internal/funcs.go:30.23,33.5 2 1
github.com/StephanSchmidt/erro/internal/funcs.go:36.2,36.21 1 1
github.com/StephanSchmidt/erro/internal/funcs.go:36.21,37.35 1 0
github.com/StephanSchmidt/erro/internal/funcs.go:39.2,40.15 2 1
github.com/StephanSchmidt/erro/internal/funcs.go:43.37,47.45 4 1
github.com/StephanSchmidt/erro/internal/funcs.go:47.45,50.3 2 1
github.com/StephanSchmidt/erro/internal/funcs.go:51.2,51.25 1 1
github.com/StephanSchmidt/erro/internal/funcs.go:51.25,53.3 1 1
github.com/StephanSchmidt/erro/internal/funcs.go:54.2,54.13 1 1
github.com/StephanSchmidt/erro/internal/logger.go:16.46,17.13 1 0
github.com/StephanSchmidt/erro/internal/logger.go:17.13,18.20 1 0
github.com/StephanSchmidt/erro/internal/logger.go:18.20,20.4 1 0
github.com/StephanSchmidt/erro/internal/logger.go:22.3,24.47 3 0
github.com/StephanSchmidt/erro/internal/logger.go:24.47,28.4 3 0
github.com/StephanSchmidt/erro/internal/logger.go:29.3,36.38 6 0
github.com/StephanSchmidt/erro/internal/logger.go:36.38,38.4 1 0
github.com/StephanSchmidt/erro/internal/logger.go:40.3,45.29 4 0
github.com/StephanSchmidt/erro/internal/logger.go:45.29,47.4 1 0
github.com/StephanSchmidt/erro/internal/logger.go:47.9,49.4 1 0
github.com/StephanSchmidt/erro/internal/logger.go:50.3,52.25 3 0
github.com/StephanSchmidt/erro/internal/logger.go:54.2,54.12 1 0
github.com/StephanSchmidt/erro/internal/logger.go:62.22,70.26 5 1
github.com/StephanSchmidt/erro/internal/logger.go:70.26,72.3 1 1
github.com/StephanSchmidt/erro/internal/logger.go:73.2,74.27 2 1
github.com/StephanSchmidt/erro/internal/logger.go:74.27,76.3 1 1
github.com/StephanSchmidt/erro/internal/logger.go:77.2,91.13 3 1
github.com/StephanSchmidt/erro/internal/matcher.go:15.34,17.2 1 1
github.com/StephanSchmidt/erro/internal/matcher.go:19.41,22.17 3 1
github.com/StephanSchmidt/erro/internal/matcher.go:22.17,25.3 2 1
github.com/StephanSchmidt/erro/internal/matcher.go:25.8,27.3 1 0
github.com/StephanSchmidt/erro/internal/matcher.go:30.40,33.17 3 1
github.com/StephanSchmidt/erro/internal/matcher.go:33.17,37.3 3 1
github.com/StephanSchmidt/erro/internal/matcher.go:37.8,39.3 1 0
github.com/StephanSchmidt/erro/internal/regexp.go:18.64,20.3 1 1
github.com/StephanSchmidt/erro/internal/regexp.go:24.83,33.50 4 1
github.com/StephanSchmidt/erro/internal/regexp.go:33.50,35.44 1 1
github.com/StephanSchmidt/erro/internal/regexp.go:35.44,37.12 1 0
github.com/StephanSchmidt/erro/internal/regexp.go:38.9,38.56 1 1
github.com/StephanSchmidt/erro/internal/regexp.go:38.56,39.12 1 0
github.com/StephanSchmidt/erro/internal/regexp.go:41.3,46.19 4 1
github.com/StephanSchmidt/erro/internal/regexp.go:46.19,47.12 1 1
github.com/StephanSchmidt/erro/internal/regexp.go:50.3,52.50 3 1
github.com/StephanSchmidt/erro/internal/regexp.go:54.2,54.49 1 0
github.com/StephanSchmidt/erro/internal/regexp.go:57.54,61.44 2 1
github.com/StephanSchmidt/erro/internal/regexp.go:61.44,62.28 1 1
github.com/StephanSchmidt/erro/internal/regexp.go:62.28,64.4 1 1
github.com/StephanSchmidt/erro/internal/regexp.go:64.9,64.35 1 1
github.com/StephanSchmidt/erro/internal/regexp.go:64.35,66.4 1 1
github.com/StephanSchmidt/erro/internal/regexp.go:67.3,67.61 1 1
github.com/StephanSchmidt/erro/internal/regexp.go:67.61,69.4 1 1
github.com/StephanSchmidt/erro/internal/regexp.go:71.2,71.29 1 0
github.com/StephanSchmidt/erro/internal/slices.go:3.40,4.20 1 1
github.com/StephanSchmidt/erro/internal/slices.go:4.20,5.17 1 1
github.com/StephanSchmidt/erro/internal/slices.go:5.17,7.4 1 1
github.com/StephanSchmidt/erro/internal/slices.go:9.2,9.14 1 1
github.com/StephanSchmidt/erro/internal/slices.go:12.53,14.28 2 1
github.com/StephanSchmidt/erro/internal/slices.go:14.28,15.29 1 1
github.com/StephanSchmidt/erro/internal/slices.go:15.29,17.4 1 1
github.com/StephanSchmidt/erro/internal/slices.go:19.2,19.13 1 1
github.com/StephanSchmidt/erro/internal/slices.go:22.48,23.26 1 1
github.com/StephanSchmidt/erro/internal/slices.go:23.26,24.15 1 1
github.com/StephanSchmidt/erro/internal/slices.go:24.15,26.4 1 1
github.com/StephanSchmidt/erro/internal/slices.go:28.2,28.14 1 1
github.com/StephanSchmidt/erro/internal/source.go:5.59,7.59 1 0
github.com/StephanSchmidt/erro/internal/source.go:7.59,9.39 2 0
github.com/StephanSchmidt/erro/internal/source.go:9.39,11.4 1 0
github.com/StephanSchmidt/erro/internal/source.go:14.2,14.49 1 0
github.com/StephanSchmidt/erro/internal/source.go:14.49,15.73 1 0
github.com/StephanSchmidt/erro/internal/source.go:15.73,17.12 2 0
github.com/StephanSchmidt/erro/internal/source.go:20.3,22.152 3 0
github.com/StephanSchmidt/erro/internal/stacktrace.go:19.43,21.41 2 0
github.com/StephanSchmidt/erro/internal/stacktrace.go:21.41,23.43 2 0
github.com/StephanSchmidt/erro/internal/stacktrace.go:23.43,25.4 1 0
github.com/StephanSchmidt/erro/internal/stacktrace.go:26.3,26.25 1 0
github.com/StephanSchmidt/erro/internal/stacktrace.go:26.25,28.4 1 0
github.com/StephanSchmidt/erro/internal/stacktrace.go:29.3,29.19 1 0
github.com/StephanSchmidt/erro/internal/stacktrace.go:29.19,32.4 2 0
github.com/StephanSchmidt/erro/internal/stacktrace.go:36.75,38.38 2 1
github.com/StephanSchmidt/erro/internal/stacktrace.go:38.38,40.3 1 0
github.com/StephanSchmidt/erro/internal/stacktrace.go:41.2,45.27 4 1
github.com/StephanSchmidt/erro/internal/stacktrace.go:45.27,48.17 3 1
github.com/StephanSchmidt/erro/internal/stacktrace.go:48.17,50.4 1 0
github.com/StephanSchmidt/erro/internal/stacktrace.go:52.3,54.29 3 1
github.com/StephanSchmidt/erro/internal/stacktrace.go:54.29,56.18 2 1
github.com/StephanSchmidt/erro/internal/stacktrace.go:56.18,58.5 1 0
github.com/StephanSchmidt/erro/internal/stacktrace.go:61.3,67.4 1 1
github.com/StephanSchmidt/erro/internal/stacktrace.go:71.2,71.16 1 1
github.com/StephanSchmidt/erro/internal/utils.go:3.24,4.11 1 1
github.com/StephanSchmidt/erro/internal/utils.go:4.11,6.3 1 1
github.com/StephanSchmidt/erro/internal/utils.go:7.2,7.10 1 1
github.com/StephanSchmidt/erro/internal/utils.go:10.24,11.11 1 1
github.com/StephanSchmidt/erro/internal/utils.go:11.11,13.3 1 1
github.com/StephanSchmidt/erro/internal/utils.go:14.2,14.10 1 1
github.com/StephanSchmidt/erro/internal/utils.go:18.49,19.18 1 0
github.com/StephanSchmidt/erro/internal/utils.go:19.18,21.3 1 0
github.com/StephanSchmidt/erro/internal/vars.go:21.34,24.30 2 1
github.com/StephanSchmidt/erro/internal/vars.go:24.30,33.3 3 1
github.com/StephanSchmidt/erro/internal/vars.go:34.2,34.49 1 1
github.com/StephanSchmidt/erro/internal/vars.go:34.49,37.21 3 1
github.com/StephanSchmidt/erro/internal/vars.go:37.21,40.4 2 1
github.com/StephanSchmidt/erro/internal/vars.go:41.3,47.34 2 1
github.com/StephanSchmidt/erro/internal/vars.go:49.2,49.17 1 1
github.com/StephanSchmidt/erro/internal/vars.go:52.41,53.19 1 0
github.com/StephanSchmidt/erro/internal/vars.go:53.19,55.28 2 0
github.com/StephanSchmidt/erro/internal/vars.go:55.28,56.24 1 0
github.com/StephanSchmidt/erro/internal/vars.go:56.24,58.5 1 0
github.com/StephanSchmidt/erro/internal/vars.go:58.10,60.5 1 0
github.com/StephanSchmidt/erro/internal/vars.go:61.4,61.26 1 0
github.com/StephanSchmidt/erro/internal/vars.go:61.26,63.5 1 0
