mode: set
github.com/StephanSchmidt/erro/analyze_source.go:9.74,11.57 2 1
github.com/StephanSchmidt/erro/analyze_source.go:11.57,13.29 2 1
github.com/StephanSchmidt/erro/analyze_source.go:13.29,14.16 1 1
github.com/StephanSchmidt/erro/analyze_source.go:15.13,16.32 1 1
github.com/StephanSchmidt/erro/analyze_source.go:17.13,18.24 1 1
github.com/StephanSchmidt/erro/analyze_source.go:18.24,21.6 1 0
github.com/StephanSchmidt/erro/analyze_source.go:22.5,22.33 1 1
github.com/StephanSchmidt/erro/analyze_source.go:25.3,25.22 1 1
github.com/StephanSchmidt/erro/analyze_source.go:25.22,28.4 1 1
github.com/StephanSchmidt/erro/analyze_source.go:32.2,32.11 1 0
github.com/StephanSchmidt/erro/analyze_source.go:35.51,39.16 4 1
github.com/StephanSchmidt/erro/analyze_source.go:39.16,41.3 1 0
github.com/StephanSchmidt/erro/analyze_source.go:42.2,43.42 2 1
github.com/StephanSchmidt/erro/analyze_source.go:43.42,44.19 1 1
github.com/StephanSchmidt/erro/analyze_source.go:45.22,47.45 2 1
github.com/StephanSchmidt/erro/analyze_source.go:47.45,48.35 1 1
github.com/StephanSchmidt/erro/analyze_source.go:48.35,49.27 1 1
github.com/StephanSchmidt/erro/analyze_source.go:49.27,52.7 2 1
github.com/StephanSchmidt/erro/analyze_source.go:55.24,56.48 1 1
github.com/StephanSchmidt/erro/analyze_source.go:56.48,58.12 2 1
github.com/StephanSchmidt/erro/analyze_source.go:58.12,59.14 1 0
github.com/StephanSchmidt/erro/analyze_source.go:61.5,61.30 1 1
github.com/StephanSchmidt/erro/analyze_source.go:61.30,64.6 2 1
github.com/StephanSchmidt/erro/analyze_source.go:67.3,67.14 1 1
github.com/StephanSchmidt/erro/analyze_source.go:69.2,69.17 1 1
github.com/StephanSchmidt/erro/defaults.go:10.68,12.3 1 0
github.com/StephanSchmidt/erro/doctor.go:3.29,6.31 2 0
github.com/StephanSchmidt/erro/doctor.go:6.31,8.19 2 0
github.com/StephanSchmidt/erro/doctor.go:8.19,10.4 1 0
github.com/StephanSchmidt/erro/doctor.go:11.3,11.46 1 0
github.com/StephanSchmidt/erro/doctor.go:14.2,14.30 1 0
github.com/StephanSchmidt/erro/doctor.go:14.30,16.19 2 0
github.com/StephanSchmidt/erro/doctor.go:16.19,18.4 1 0
github.com/StephanSchmidt/erro/doctor.go:19.3,19.27 1 0
github.com/StephanSchmidt/erro/doctor.go:22.2,22.29 1 0
github.com/StephanSchmidt/erro/doctor.go:22.29,24.19 2 0
github.com/StephanSchmidt/erro/doctor.go:24.19,26.4 1 0
github.com/StephanSchmidt/erro/doctor.go:27.3,27.26 1 0
github.com/StephanSchmidt/erro/doctor.go:30.2,30.48 1 0
github.com/StephanSchmidt/erro/doctor.go:30.48,32.3 1 0
github.com/StephanSchmidt/erro/doctor.go:33.2,33.21 1 0
github.com/StephanSchmidt/erro/erro.go:69.66,72.2 2 0
github.com/StephanSchmidt/erro/erro.go:74.68,77.2 2 0
github.com/StephanSchmidt/erro/erro.go:79.64,82.2 2 0
github.com/StephanSchmidt/erro/funcs.go:6.55,7.34 1 1
github.com/StephanSchmidt/erro/funcs.go:7.34,8.26 1 1
github.com/StephanSchmidt/erro/funcs.go:8.26,10.4 1 1
github.com/StephanSchmidt/erro/funcs.go:12.2,12.11 1 1
github.com/StephanSchmidt/erro/funcs.go:15.51,19.22 4 1
github.com/StephanSchmidt/erro/funcs.go:19.22,20.12 1 1
github.com/StephanSchmidt/erro/funcs.go:21.12,22.28 1 1
github.com/StephanSchmidt/erro/funcs.go:23.12,24.52 1 1
github.com/StephanSchmidt/erro/funcs.go:24.52,26.5 1 1
github.com/StephanSchmidt/erro/funcs.go:26.10,27.37 1 0
github.com/StephanSchmidt/erro/funcs.go:29.12,30.23 1 1
github.com/StephanSchmidt/erro/funcs.go:30.23,33.5 2 1
github.com/StephanSchmidt/erro/funcs.go:36.2,36.21 1 1
github.com/StephanSchmidt/erro/funcs.go:36.21,37.35 1 0
github.com/StephanSchmidt/erro/funcs.go:39.2,40.15 2 1
github.com/StephanSchmidt/erro/funcs.go:43.37,47.45 4 1
github.com/StephanSchmidt/erro/funcs.go:47.45,50.3 2 1
github.com/StephanSchmidt/erro/funcs.go:51.2,51.25 1 1
github.com/StephanSchmidt/erro/funcs.go:51.25,53.3 1 1
github.com/StephanSchmidt/erro/funcs.go:54.2,54.13 1 1
github.com/StephanSchmidt/erro/logger.go:62.36,71.2 3 0
github.com/StephanSchmidt/erro/logger.go:73.80,75.16 2 0
github.com/StephanSchmidt/erro/logger.go:75.16,77.3 1 0
github.com/StephanSchmidt/erro/logger.go:78.2,79.31 2 0
github.com/StephanSchmidt/erro/logger.go:82.74,84.16 2 0
github.com/StephanSchmidt/erro/logger.go:84.16,86.3 1 0
github.com/StephanSchmidt/erro/logger.go:87.2,87.35 1 0
github.com/StephanSchmidt/erro/logger.go:90.70,92.16 2 0
github.com/StephanSchmidt/erro/logger.go:92.16,94.3 1 0
github.com/StephanSchmidt/erro/logger.go:95.2,95.38 1 0
github.com/StephanSchmidt/erro/logger.go:98.56,99.13 1 0
github.com/StephanSchmidt/erro/logger.go:99.13,101.20 2 0
github.com/StephanSchmidt/erro/logger.go:101.20,103.4 1 0
github.com/StephanSchmidt/erro/logger.go:105.3,106.41 2 0
github.com/StephanSchmidt/erro/logger.go:106.41,110.4 3 0
github.com/StephanSchmidt/erro/logger.go:113.3,122.27 5 0
github.com/StephanSchmidt/erro/logger.go:124.2,124.12 1 0
github.com/StephanSchmidt/erro/logger.go:128.93,131.37 2 0
github.com/StephanSchmidt/erro/logger.go:131.37,133.3 1 0
github.com/StephanSchmidt/erro/logger.go:136.2,148.24 7 0
github.com/StephanSchmidt/erro/logger.go:148.24,150.3 1 0
github.com/StephanSchmidt/erro/logger.go:153.2,158.27 4 0
github.com/StephanSchmidt/erro/logger.go:158.27,160.3 1 0
github.com/StephanSchmidt/erro/logger.go:162.2,162.28 1 0
github.com/StephanSchmidt/erro/logger.go:162.28,165.3 2 0
github.com/StephanSchmidt/erro/logger.go:165.8,168.3 2 0
github.com/StephanSchmidt/erro/logger.go:170.2,180.29 3 0
github.com/StephanSchmidt/erro/logger.go:183.139,185.30 2 0
github.com/StephanSchmidt/erro/logger.go:185.30,194.3 3 0
github.com/StephanSchmidt/erro/logger.go:195.2,195.49 1 0
github.com/StephanSchmidt/erro/logger.go:195.49,198.21 3 0
github.com/StephanSchmidt/erro/logger.go:198.21,201.4 2 0
github.com/StephanSchmidt/erro/logger.go:202.3,208.34 2 0
github.com/StephanSchmidt/erro/logger.go:210.2,210.17 1 0
github.com/StephanSchmidt/erro/logger.go:213.43,215.16 2 0
github.com/StephanSchmidt/erro/logger.go:215.16,216.19 1 0
github.com/StephanSchmidt/erro/logger.go:216.19,218.4 1 0
github.com/StephanSchmidt/erro/logger.go:219.3,219.13 1 0
github.com/StephanSchmidt/erro/logger.go:221.2,222.14 2 0
github.com/StephanSchmidt/erro/logger.go:225.47,227.18 2 0
github.com/StephanSchmidt/erro/logger.go:227.18,229.3 1 0
github.com/StephanSchmidt/erro/logger.go:230.2,230.22 1 0
github.com/StephanSchmidt/erro/logger.go:234.71,236.2 1 0
github.com/StephanSchmidt/erro/logger.go:238.32,240.2 1 0
github.com/StephanSchmidt/erro/logger.go:242.55,243.41 1 0
github.com/StephanSchmidt/erro/logger.go:243.41,245.40 2 0
github.com/StephanSchmidt/erro/logger.go:245.40,246.44 1 0
github.com/StephanSchmidt/erro/logger.go:246.44,248.5 1 0
github.com/StephanSchmidt/erro/logger.go:249.4,249.26 1 0
github.com/StephanSchmidt/erro/logger.go:249.26,251.5 1 0
github.com/StephanSchmidt/erro/logger.go:253.3,253.19 1 0
github.com/StephanSchmidt/erro/logger.go:253.19,256.4 2 0
github.com/StephanSchmidt/erro/logger.go:261.61,262.18 1 0
github.com/StephanSchmidt/erro/logger.go:262.18,264.3 1 0
github.com/StephanSchmidt/erro/logger.go:268.39,270.2 1 0
github.com/StephanSchmidt/erro/logger.go:272.41,275.2 2 0
github.com/StephanSchmidt/erro/logger.go:277.35,279.2 1 0
github.com/StephanSchmidt/erro/logger.go:281.41,282.39 1 0
github.com/StephanSchmidt/erro/logger.go:282.39,284.3 1 0
github.com/StephanSchmidt/erro/logger.go:285.2,286.13 2 0
github.com/StephanSchmidt/erro/logger.go:289.46,290.19 1 0
github.com/StephanSchmidt/erro/logger.go:290.19,292.3 1 0
github.com/StephanSchmidt/erro/logger.go:292.8,294.3 1 0
github.com/StephanSchmidt/erro/matcher.go:15.34,17.2 1 1
github.com/StephanSchmidt/erro/matcher.go:19.37,22.17 3 1
github.com/StephanSchmidt/erro/matcher.go:22.17,25.3 2 1
github.com/StephanSchmidt/erro/matcher.go:25.8,27.3 1 0
github.com/StephanSchmidt/erro/matcher.go:30.40,33.17 3 1
github.com/StephanSchmidt/erro/matcher.go:33.17,37.3 3 1
github.com/StephanSchmidt/erro/matcher.go:37.8,39.3 1 0
github.com/StephanSchmidt/erro/regexp.go:18.64,20.3 1 0
github.com/StephanSchmidt/erro/regexp.go:24.133,35.50 5 0
github.com/StephanSchmidt/erro/regexp.go:35.50,37.44 1 0
github.com/StephanSchmidt/erro/regexp.go:37.44,39.12 1 0
github.com/StephanSchmidt/erro/regexp.go:40.9,40.56 1 0
github.com/StephanSchmidt/erro/regexp.go:40.56,41.12 1 0
github.com/StephanSchmidt/erro/regexp.go:45.3,46.19 2 0
github.com/StephanSchmidt/erro/regexp.go:46.19,47.12 1 0
github.com/StephanSchmidt/erro/regexp.go:51.3,57.45 4 0
github.com/StephanSchmidt/erro/regexp.go:57.45,58.26 1 0
github.com/StephanSchmidt/erro/regexp.go:58.26,60.5 1 0
github.com/StephanSchmidt/erro/regexp.go:60.10,60.33 1 0
github.com/StephanSchmidt/erro/regexp.go:60.33,62.5 1 0
github.com/StephanSchmidt/erro/regexp.go:63.4,63.40 1 0
github.com/StephanSchmidt/erro/regexp.go:63.40,66.5 2 0
github.com/StephanSchmidt/erro/regexp.go:69.3,69.21 1 0
github.com/StephanSchmidt/erro/regexp.go:69.21,70.20 1 0
github.com/StephanSchmidt/erro/regexp.go:70.20,72.5 1 0
github.com/StephanSchmidt/erro/regexp.go:73.4,73.33 1 0
github.com/StephanSchmidt/erro/regexp.go:75.3,75.9 1 0
github.com/StephanSchmidt/erro/regexp.go:78.2,78.8 1 0
github.com/StephanSchmidt/erro/slices.go:3.40,4.20 1 1
github.com/StephanSchmidt/erro/slices.go:4.20,5.17 1 1
github.com/StephanSchmidt/erro/slices.go:5.17,7.4 1 1
github.com/StephanSchmidt/erro/slices.go:9.2,9.14 1 1
github.com/StephanSchmidt/erro/slices.go:12.53,14.28 2 1
github.com/StephanSchmidt/erro/slices.go:14.28,15.29 1 1
github.com/StephanSchmidt/erro/slices.go:15.29,17.4 1 1
github.com/StephanSchmidt/erro/slices.go:19.2,19.13 1 1
github.com/StephanSchmidt/erro/slices.go:22.48,23.26 1 1
github.com/StephanSchmidt/erro/slices.go:23.26,24.15 1 1
github.com/StephanSchmidt/erro/slices.go:24.15,26.4 1 1
github.com/StephanSchmidt/erro/slices.go:28.2,28.14 1 1
github.com/StephanSchmidt/erro/source.go:5.70,7.59 1 0
github.com/StephanSchmidt/erro/source.go:7.59,9.39 2 0
github.com/StephanSchmidt/erro/source.go:9.39,11.4 1 0
github.com/StephanSchmidt/erro/source.go:14.2,14.49 1 0
github.com/StephanSchmidt/erro/source.go:14.49,15.73 1 0
github.com/StephanSchmidt/erro/source.go:15.73,17.12 2 0
github.com/StephanSchmidt/erro/source.go:20.3,22.154 3 0
github.com/StephanSchmidt/erro/stacktrace.go:18.55,20.2 1 0
github.com/StephanSchmidt/erro/stacktrace.go:22.75,24.38 2 1
github.com/StephanSchmidt/erro/stacktrace.go:24.38,26.3 1 0
github.com/StephanSchmidt/erro/stacktrace.go:27.2,31.27 4 1
github.com/StephanSchmidt/erro/stacktrace.go:31.27,34.17 3 1
github.com/StephanSchmidt/erro/stacktrace.go:34.17,36.4 1 0
github.com/StephanSchmidt/erro/stacktrace.go:38.3,40.29 3 1
github.com/StephanSchmidt/erro/stacktrace.go:40.29,42.18 2 1
github.com/StephanSchmidt/erro/stacktrace.go:42.18,44.5 1 0
github.com/StephanSchmidt/erro/stacktrace.go:47.3,53.4 1 1
github.com/StephanSchmidt/erro/stacktrace.go:56.2,56.12 1 1
github.com/StephanSchmidt/erro/utils.go:8.65,14.25 3 0
github.com/StephanSchmidt/erro/utils.go:14.25,15.51 1 0
github.com/StephanSchmidt/erro/utils.go:15.51,16.9 1 0
github.com/StephanSchmidt/erro/utils.go:18.3,18.13 1 0
github.com/StephanSchmidt/erro/utils.go:22.2,22.25 1 0
github.com/StephanSchmidt/erro/utils.go:22.25,23.49 1 0
github.com/StephanSchmidt/erro/utils.go:23.49,24.9 1 0
github.com/StephanSchmidt/erro/utils.go:26.3,26.11 1 0
github.com/StephanSchmidt/erro/utils.go:30.24,31.11 1 0
github.com/StephanSchmidt/erro/utils.go:31.11,33.3 1 0
github.com/StephanSchmidt/erro/utils.go:34.2,34.10 1 0
github.com/StephanSchmidt/erro/utils.go:37.24,38.11 1 0
github.com/StephanSchmidt/erro/utils.go:38.11,40.3 1 0
github.com/StephanSchmidt/erro/utils.go:41.2,41.10 1 0
github.com/StephanSchmidt/erro/vars.go:12.48,13.19 1 0
github.com/StephanSchmidt/erro/vars.go:13.19,15.28 2 0
github.com/StephanSchmidt/erro/vars.go:15.28,16.24 1 0
github.com/StephanSchmidt/erro/vars.go:16.24,18.5 1 0
github.com/StephanSchmidt/erro/vars.go:18.10,20.5 1 0
github.com/StephanSchmidt/erro/vars.go:21.4,21.26 1 0
github.com/StephanSchmidt/erro/vars.go:21.26,23.5 1 0
